*** Starting uWSGI 2.0.17.1 (64bit) on [Tue Jan 29 18:43:11 2019] ***
compiled with version: 7.3.0 on 29 January 2019 09:45:48
os: Linux-4.15.0-43-generic #46-Ubuntu SMP Thu Dec 6 14:45:28 UTC 2018
nodename: God
machine: x86_64
clock source: unix
detected number of CPU cores: 1
current working directory: /home/ace/flask-microservices
detected binary path: /home/ace/.local/share/virtualenvs/flask-microservices-FLfq_cwS/bin/uwsgi
!!! no internal routing support, rebuild with pcre support !!!
chdir() to ./
your processes number limit is 9515
your memory page size is 4096 bytes
detected max file descriptor number: 1024
lock engine: pthread robust mutexes
thunder lock: disabled (you can enable it with --thunder-lock)
uWSGI http bound on 0.0.0.0:3031 fd 7
uwsgi socket 0 bound to TCP address 127.0.0.1:34539 (port auto-assigned) fd 6
Python version: 3.6.7 (default, Oct 22 2018, 11:32:17)  [GCC 8.2.0]
Python main interpreter initialized at 0x558cfdea55f0
python threads support enabled
your server socket listen backlog is limited to 100 connections
your mercy for graceful operations on workers is 60 seconds
mapped 218712 bytes (213 KB) for 2 cores
*** Operational MODE: preforking ***
failed to open python file ../run.py
unable to load app 0 (mountpoint='') (callable not found or import error)
*** no app loaded. going in full dynamic mode ***
*** uWSGI is running in multiple interpreter mode ***
spawned uWSGI master process (pid: 25340)
spawned uWSGI worker 1 (pid: 25341, cores: 1)
spawned uWSGI worker 2 (pid: 25342, cores: 1)
spawned uWSGI http 1 (pid: 25343)
--- no python application found, check your startup logs for errors ---
[pid: 25342|app: -1|req: -1/1] 192.168.0.42 () {38 vars in 681 bytes} [Tue Jan 29 18:43:15 2019] GET /api/v1/persons/1 => generated 21 bytes in 0 msecs (HTTP/1.1 500) 2 headers in 83 bytes (0 switches on core 0)
--- no python application found, check your startup logs for errors ---
[pid: 25342|app: -1|req: -1/2] 192.168.0.42 () {40 vars in 669 bytes} [Tue Jan 29 18:43:15 2019] GET /favicon.ico => generated 21 bytes in 0 msecs (HTTP/1.1 500) 2 headers in 83 bytes (0 switches on core 0)
--- no python application found, check your startup logs for errors ---
[pid: 25342|app: -1|req: -1/3] 192.168.0.42 () {38 vars in 681 bytes} [Tue Jan 29 18:43:16 2019] GET /api/v1/persons/1 => generated 21 bytes in 0 msecs (HTTP/1.1 500) 2 headers in 83 bytes (0 switches on core 0)
--- no python application found, check your startup logs for errors ---
[pid: 25342|app: -1|req: -1/4] 192.168.0.42 () {40 vars in 669 bytes} [Tue Jan 29 18:43:16 2019] GET /favicon.ico => generated 21 bytes in 0 msecs (HTTP/1.1 500) 2 headers in 83 bytes (0 switches on core 0)
--- no python application found, check your startup logs for errors ---
[pid: 25342|app: -1|req: -1/5] 192.168.0.42 () {36 vars in 646 bytes} [Tue Jan 29 18:43:19 2019] GET /api/v1/persons => generated 21 bytes in 0 msecs (HTTP/1.1 500) 2 headers in 83 bytes (0 switches on core 0)
--- no python application found, check your startup logs for errors ---
[pid: 25342|app: -1|req: -1/6] 192.168.0.42 () {36 vars in 614 bytes} [Tue Jan 29 18:43:19 2019] GET /favicon.ico => generated 21 bytes in 0 msecs (HTTP/1.1 500) 2 headers in 83 bytes (0 switches on core 0)
SIGINT/SIGQUIT received...killing workers...
gateway "uWSGI http 1" has been buried (pid: 25343)
worker 1 buried after 1 seconds
worker 2 buried after 1 seconds
goodbye to uWSGI.
*** Starting uWSGI 2.0.17.1 (64bit) on [Tue Jan 29 18:49:48 2019] ***
compiled with version: 7.3.0 on 29 January 2019 09:45:48
os: Linux-4.15.0-43-generic #46-Ubuntu SMP Thu Dec 6 14:45:28 UTC 2018
nodename: God
machine: x86_64
clock source: unix
detected number of CPU cores: 1
current working directory: /home/ace/flask-microservices
detected binary path: /home/ace/.local/share/virtualenvs/flask-microservices-FLfq_cwS/bin/uwsgi
!!! no internal routing support, rebuild with pcre support !!!
chdir() to ../flask-microservices
your processes number limit is 9515
your memory page size is 4096 bytes
detected max file descriptor number: 1024
lock engine: pthread robust mutexes
thunder lock: disabled (you can enable it with --thunder-lock)
uWSGI http bound on 0.0.0.0:3031 fd 7
uwsgi socket 0 bound to TCP address 127.0.0.1:43777 (port auto-assigned) fd 6
Python version: 3.6.7 (default, Oct 22 2018, 11:32:17)  [GCC 8.2.0]
Python main interpreter initialized at 0x56238aaf65f0
python threads support enabled
your server socket listen backlog is limited to 100 connections
your mercy for graceful operations on workers is 60 seconds
mapped 218712 bytes (213 KB) for 2 cores
*** Operational MODE: preforking ***
WSGI app 0 (mountpoint='') ready in 0 seconds on interpreter 0x56238aaf65f0 pid: 25432 (default app)
*** uWSGI is running in multiple interpreter mode ***
spawned uWSGI master process (pid: 25432)
spawned uWSGI worker 1 (pid: 25435, cores: 1)
spawned uWSGI worker 2 (pid: 25436, cores: 1)
spawned uWSGI http 1 (pid: 25437)
{}
[pid: 25436|app: 0|req: 1/1] 192.168.0.42 () {38 vars in 677 bytes} [Tue Jan 29 18:49:53 2019] GET /api/v1/persons => generated 21 bytes in 22 msecs (HTTP/1.1 200) 6 headers in 172 bytes (1 switches on core 0)
[pid: 25435|app: 0|req: 1/2] 192.168.0.42 () {40 vars in 667 bytes} [Tue Jan 29 18:49:53 2019] GET /favicon.ico => generated 137 bytes in 4 msecs (HTTP/1.1 404) 2 headers in 79 bytes (1 switches on core 0)
SIGINT/SIGQUIT received...killing workers...
gateway "uWSGI http 1" has been buried (pid: 25437)
worker 1 buried after 1 seconds
worker 2 buried after 1 seconds
goodbye to uWSGI.
*** Starting uWSGI 2.0.17.1 (64bit) on [Tue Jan 29 18:51:59 2019] ***
compiled with version: 7.3.0 on 29 January 2019 09:45:48
os: Linux-4.15.0-43-generic #46-Ubuntu SMP Thu Dec 6 14:45:28 UTC 2018
nodename: God
machine: x86_64
clock source: unix
detected number of CPU cores: 1
current working directory: /home/ace/flask-microservices
detected binary path: /home/ace/.local/share/virtualenvs/flask-microservices-FLfq_cwS/bin/uwsgi
!!! no internal routing support, rebuild with pcre support !!!
chdir() to ../../flask-microservices
chdir(): No such file or directory [core/uwsgi.c line 2631]
*** Starting uWSGI 2.0.17.1 (64bit) on [Tue Jan 29 18:53:41 2019] ***
compiled with version: 7.3.0 on 29 January 2019 09:45:48
os: Linux-4.15.0-43-generic #46-Ubuntu SMP Thu Dec 6 14:45:28 UTC 2018
nodename: God
machine: x86_64
clock source: unix
detected number of CPU cores: 1
current working directory: /home/ace/flask-microservices
detected binary path: /home/ace/.local/share/virtualenvs/flask-microservices-FLfq_cwS/bin/uwsgi
!!! no internal routing support, rebuild with pcre support !!!
chdir() to ../../flask-microservices
chdir(): No such file or directory [core/uwsgi.c line 2631]
*** Starting uWSGI 2.0.17.1 (64bit) on [Tue Jan 29 18:54:25 2019] ***
compiled with version: 7.3.0 on 29 January 2019 09:45:48
os: Linux-4.15.0-43-generic #46-Ubuntu SMP Thu Dec 6 14:45:28 UTC 2018
nodename: God
machine: x86_64
clock source: unix
detected number of CPU cores: 1
current working directory: /home/ace/flask-microservices
detected binary path: /home/ace/.local/share/virtualenvs/flask-microservices-FLfq_cwS/bin/uwsgi
!!! no internal routing support, rebuild with pcre support !!!
chdir() to ../../flask-microservices
chdir(): No such file or directory [core/uwsgi.c line 2631]
*** Starting uWSGI 2.0.17.1 (64bit) on [Tue Jan 29 18:54:38 2019] ***
compiled with version: 7.3.0 on 29 January 2019 09:45:48
os: Linux-4.15.0-43-generic #46-Ubuntu SMP Thu Dec 6 14:45:28 UTC 2018
nodename: God
machine: x86_64
clock source: unix
detected number of CPU cores: 1
current working directory: /home/ace/flask-microservices
detected binary path: /home/ace/.local/share/virtualenvs/flask-microservices-FLfq_cwS/bin/uwsgi
!!! no internal routing support, rebuild with pcre support !!!
chdir() to ../../flask-microservices
chdir(): No such file or directory [core/uwsgi.c line 2631]
*** Starting uWSGI 2.0.17.1 (64bit) on [Tue Jan 29 18:55:31 2019] ***
compiled with version: 7.3.0 on 29 January 2019 09:45:48
os: Linux-4.15.0-43-generic #46-Ubuntu SMP Thu Dec 6 14:45:28 UTC 2018
nodename: God
machine: x86_64
clock source: unix
detected number of CPU cores: 1
current working directory: /home/ace/flask-microservices
detected binary path: /home/ace/.local/share/virtualenvs/flask-microservices-FLfq_cwS/bin/uwsgi
!!! no internal routing support, rebuild with pcre support !!!
chdir() to ../../flask-microservices
chdir(): No such file or directory [core/uwsgi.c line 2631]
*** Starting uWSGI 2.0.17.1 (64bit) on [Tue Jan 29 18:55:44 2019] ***
compiled with version: 7.3.0 on 29 January 2019 09:45:48
os: Linux-4.15.0-43-generic #46-Ubuntu SMP Thu Dec 6 14:45:28 UTC 2018
nodename: God
machine: x86_64
clock source: unix
detected number of CPU cores: 1
current working directory: /home/ace/flask-microservices
detected binary path: /home/ace/.local/share/virtualenvs/flask-microservices-FLfq_cwS/bin/uwsgi
!!! no internal routing support, rebuild with pcre support !!!
chdir() to ../flask-microservices
your processes number limit is 9515
your memory page size is 4096 bytes
detected max file descriptor number: 1024
lock engine: pthread robust mutexes
thunder lock: disabled (you can enable it with --thunder-lock)
uWSGI http bound on 0.0.0.0:3031 fd 7
uwsgi socket 0 bound to TCP address 127.0.0.1:46229 (port auto-assigned) fd 6
Python version: 3.6.7 (default, Oct 22 2018, 11:32:17)  [GCC 8.2.0]
Python main interpreter initialized at 0x559c6e5f65f0
python threads support enabled
your server socket listen backlog is limited to 100 connections
your mercy for graceful operations on workers is 60 seconds
mapped 218712 bytes (213 KB) for 2 cores
*** Operational MODE: preforking ***
WSGI app 0 (mountpoint='') ready in 0 seconds on interpreter 0x559c6e5f65f0 pid: 25573 (default app)
*** uWSGI is running in multiple interpreter mode ***
spawned uWSGI master process (pid: 25573)
spawned uWSGI worker 1 (pid: 25576, cores: 1)
spawned uWSGI worker 2 (pid: 25577, cores: 1)
spawned uWSGI http 1 (pid: 25578)
{}
[pid: 25576|app: 0|req: 1/1] 192.168.0.42 () {38 vars in 677 bytes} [Tue Jan 29 18:55:47 2019] GET /api/v1/persons => generated 21 bytes in 22 msecs (HTTP/1.1 200) 6 headers in 172 bytes (1 switches on core 0)
SIGINT/SIGQUIT received...killing workers...
gateway "uWSGI http 1" has been buried (pid: 25578)
worker 1 buried after 0 seconds
worker 2 buried after 0 seconds
goodbye to uWSGI.
*** Starting uWSGI 2.0.17.1 (64bit) on [Tue Jan 29 18:56:06 2019] ***
compiled with version: 7.3.0 on 29 January 2019 09:45:48
os: Linux-4.15.0-43-generic #46-Ubuntu SMP Thu Dec 6 14:45:28 UTC 2018
nodename: God
machine: x86_64
clock source: unix
detected number of CPU cores: 1
current working directory: /home/ace/flask-microservices
detected binary path: /home/ace/.local/share/virtualenvs/flask-microservices-FLfq_cwS/bin/uwsgi
!!! no internal routing support, rebuild with pcre support !!!
chdir() to ../../flask-microservices
chdir(): No such file or directory [core/uwsgi.c line 2631]
*** Starting uWSGI 2.0.17.1 (64bit) on [Tue Jan 29 18:57:16 2019] ***
compiled with version: 7.3.0 on 29 January 2019 09:45:48
os: Linux-4.15.0-43-generic #46-Ubuntu SMP Thu Dec 6 14:45:28 UTC 2018
nodename: God
machine: x86_64
clock source: unix
detected number of CPU cores: 1
current working directory: /home/ace/flask-microservices
detected binary path: /home/ace/.local/share/virtualenvs/flask-microservices-FLfq_cwS/bin/uwsgi
!!! no internal routing support, rebuild with pcre support !!!
chdir() to ../flask-microservices
your processes number limit is 9515
your memory page size is 4096 bytes
detected max file descriptor number: 1024
lock engine: pthread robust mutexes
thunder lock: disabled (you can enable it with --thunder-lock)
uWSGI http bound on 0.0.0.0:3031 fd 7
uwsgi socket 0 bound to TCP address 127.0.0.1:43479 (port auto-assigned) fd 6
Python version: 3.6.7 (default, Oct 22 2018, 11:32:17)  [GCC 8.2.0]
Python main interpreter initialized at 0x55cd254d75a0
python threads support enabled
your server socket listen backlog is limited to 100 connections
your mercy for graceful operations on workers is 60 seconds
mapped 218712 bytes (213 KB) for 2 cores
*** Operational MODE: preforking ***
WSGI app 0 (mountpoint='') ready in 0 seconds on interpreter 0x55cd254d75a0 pid: 25635 (default app)
*** uWSGI is running in multiple interpreter mode ***
spawned uWSGI master process (pid: 25635)
spawned uWSGI worker 1 (pid: 25638, cores: 1)
spawned uWSGI worker 2 (pid: 25639, cores: 1)
spawned uWSGI http 1 (pid: 25640)
{}
[pid: 25638|app: 0|req: 1/1] 192.168.0.42 () {38 vars in 677 bytes} [Tue Jan 29 18:57:18 2019] GET /api/v1/persons => generated 21 bytes in 26 msecs (HTTP/1.1 200) 6 headers in 172 bytes (1 switches on core 0)
{}
[pid: 25638|app: 0|req: 2/2] 192.168.0.42 () {38 vars in 677 bytes} [Tue Jan 29 18:57:19 2019] GET /api/v1/persons => generated 21 bytes in 4 msecs (HTTP/1.1 200) 6 headers in 172 bytes (1 switches on core 0)
SIGINT/SIGQUIT received...killing workers...
gateway "uWSGI http 1" has been buried (pid: 25640)
worker 1 buried after 0 seconds
worker 2 buried after 0 seconds
goodbye to uWSGI.
